88026
4675
4147
4279
8568
79877
4176
8695
14348
10901
40072
5529
9789
9292
14279
8648
2309
6744
1845
45462
5361
3642
2481
3555
77566
62154
1534
52988
71446
52291
17658
18868
3758
44372
6254
5949
93763
3326
1587
80837
3978
81451
23611
16533
60888
10605
8814
7271
8088
4923
26731
39032
1265
96905
17589
3763
3007
96838
7665
2171
46309
3437
21951
2362
17744
37015
3075
4382
7509
3846
80793
91809
51833
14219
13165
9788
5843
3692
17896
8359
2816
10422
99361
1853
5691
9154
2389
9453
7652
8652
51612
9544
7259
8267
86902
8378
2213
4773
6363
4385
